e:\colin\网络阶段\imserver\imserver\x64\debug\vc142.pdb
e:\colin\网络阶段\imserver\imserver\x64\debug\vc142.idb
e:\colin\网络阶段\imserver\imserver\x64\debug\udp.obj
e:\colin\网络阶段\imserver\imserver\x64\debug\tcpserver.obj
e:\colin\网络阶段\imserver\imserver\x64\debug\tcpclient.obj
e:\colin\网络阶段\imserver\imserver\x64\debug\cmysql.obj
e:\colin\网络阶段\imserver\imserver\x64\debug\udpmediator.obj
e:\colin\网络阶段\imserver\imserver\x64\debug\tcpservermediator.obj
e:\colin\网络阶段\imserver\imserver\x64\debug\tcpclientmediator.obj
e:\colin\网络阶段\imserver\imserver\x64\debug\kernel.obj
e:\colin\网络阶段\imserver\imserver\x64\debug\imserver.obj
e:\colin\网络阶段\imserver\imserver\x64\debug\imserver.ilk
e:\colin\网络阶段\imserver\imserver\x64\debug\imserver.exe
e:\colin\网络阶段\imserver\imserver\x64\debug\imserver.pdb
e:\colin\网络阶段\imserver\imserver\x64\debug\imserver.tlog\cl.command.1.tlog
e:\colin\网络阶段\imserver\imserver\x64\debug\imserver.tlog\cl.read.1.tlog
e:\colin\网络阶段\imserver\imserver\x64\debug\imserver.tlog\cl.write.1.tlog
e:\colin\网络阶段\imserver\imserver\x64\debug\imserver.tlog\link.command.1.tlog
e:\colin\网络阶段\imserver\imserver\x64\debug\imserver.tlog\link.read.1.tlog
e:\colin\网络阶段\imserver\imserver\x64\debug\imserver.tlog\link.write.1.tlog
